{"numFailedTestSuites":1,"numFailedTests":1,"numPassedTestSuites":0,"numPassedTests":5,"numPendingTestSuites":0,"numPendingTests":0,"numRuntimeErrorTestSuites":0,"numTodoTests":0,"numTotalTestSuites":1,"numTotalTests":6,"openHandles":[],"snapshot":{"added":0,"didUpdate":false,"failure":false,"filesAdded":0,"filesRemoved":0,"filesRemovedList":[],"filesUnmatched":0,"filesUpdated":0,"matched":0,"total":0,"unchecked":0,"uncheckedKeysByFile":[],"unmatched":0,"updated":0},"startTime":1718889771701,"success":false,"testResults":[{"assertionResults":[{"ancestorTitles":["API Endpoints"],"duration":73,"failureDetails":[{"matcherResult":{"message":"expect(received).toHaveProperty(path, value)\n\nExpected path: \"sum\"\n\nExpected value: 60\nReceived value: 120","pass":false}}],"failureMessages":["Error: expect(received).toHaveProperty(path, value)\n\nExpected path: \"sum\"\n\nExpected value: 60\nReceived value: 120\n    at Object.toHaveProperty (C:\\Users\\rohak\\Documents\\GitHub\\nodejs_show\\__tests__\\api.test.js:15:22)\n    at processTicksAndRejections (node:internal/process/task_queues:95:5)"],"fullName":"API Endpoints should return success if sum is greater than threshold (case 1)","invocations":1,"location":null,"numPassingAsserts":2,"retryReasons":[],"status":"failed","title":"should return success if sum is greater than threshold (case 1)"},{"ancestorTitles":["API Endpoints"],"duration":9,"failureDetails":[],"failureMessages":[],"fullName":"API Endpoints should return success if sum is greater than threshold (case 2)","invocations":1,"location":null,"numPassingAsserts":3,"retryReasons":[],"status":"passed","title":"should return success if sum is greater than threshold (case 2)"},{"ancestorTitles":["API Endpoints"],"duration":5,"failureDetails":[],"failureMessages":[],"fullName":"API Endpoints should return success if sum is greater than threshold (case 3)","invocations":1,"location":null,"numPassingAsserts":3,"retryReasons":[],"status":"passed","title":"should return success if sum is greater than threshold (case 3)"},{"ancestorTitles":["API Endpoints"],"duration":5,"failureDetails":[],"failureMessages":[],"fullName":"API Endpoints should return success if sum is greater than threshold (case 4)","invocations":1,"location":null,"numPassingAsserts":3,"retryReasons":[],"status":"passed","title":"should return success if sum is greater than threshold (case 4)"},{"ancestorTitles":["API Endpoints"],"duration":8,"failureDetails":[],"failureMessages":[],"fullName":"API Endpoints should return success if sum is greater than threshold (case 5)","invocations":1,"location":null,"numPassingAsserts":3,"retryReasons":[],"status":"passed","title":"should return success if sum is greater than threshold (case 5)"},{"ancestorTitles":["API Endpoints"],"duration":5,"failureDetails":[],"failureMessages":[],"fullName":"API Endpoints should return failure for non-numeric strings in numbers array","invocations":1,"location":null,"numPassingAsserts":2,"retryReasons":[],"status":"passed","title":"should return failure for non-numeric strings in numbers array"}],"endTime":1718889772661,"message":"  ● API Endpoints › should return success if sum is greater than threshold (case 1)\n\n    expect(received).toHaveProperty(path, value)\n\n    Expected path: \"sum\"\n\n    Expected value: 60\n    Received value: 120\n\n    \u001b[0m \u001b[90m 13 |\u001b[39m     expect(res\u001b[33m.\u001b[39mstatusCode)\u001b[33m.\u001b[39mtoEqual(\u001b[35m200\u001b[39m)\u001b[33m;\u001b[39m\n     \u001b[90m 14 |\u001b[39m     expect(res\u001b[33m.\u001b[39mbody)\u001b[33m.\u001b[39mtoHaveProperty(\u001b[32m\"message\"\u001b[39m\u001b[33m,\u001b[39m \u001b[32m\"Sum is greater than threshold\"\u001b[39m)\u001b[33m;\u001b[39m\n    \u001b[31m\u001b[1m>\u001b[22m\u001b[39m\u001b[90m 15 |\u001b[39m     expect(res\u001b[33m.\u001b[39mbody)\u001b[33m.\u001b[39mtoHaveProperty(\u001b[32m\"sum\"\u001b[39m\u001b[33m,\u001b[39m \u001b[35m60\u001b[39m)\u001b[33m;\u001b[39m\n     \u001b[90m    |\u001b[39m                      \u001b[31m\u001b[1m^\u001b[22m\u001b[39m\n     \u001b[90m 16 |\u001b[39m   })\u001b[33m;\u001b[39m\n     \u001b[90m 17 |\u001b[39m\n     \u001b[90m 18 |\u001b[39m   it(\u001b[32m\"should return success if sum is greater than threshold (case 2)\"\u001b[39m\u001b[33m,\u001b[39m \u001b[36masync\u001b[39m () \u001b[33m=>\u001b[39m {\u001b[0m\n\n      at Object.toHaveProperty (__tests__/api.test.js:15:22)\n","name":"C:\\Users\\rohak\\Documents\\GitHub\\nodejs_show\\__tests__\\api.test.js","startTime":1718889771773,"status":"failed","summary":""}],"wasInterrupted":false}
