{"numFailedTestSuites":0,"numFailedTests":0,"numPassedTestSuites":1,"numPassedTests":6,"numPendingTestSuites":0,"numPendingTests":0,"numRuntimeErrorTestSuites":0,"numTodoTests":0,"numTotalTestSuites":1,"numTotalTests":6,"openHandles":[],"snapshot":{"added":0,"didUpdate":false,"failure":false,"filesAdded":0,"filesRemoved":0,"filesRemovedList":[],"filesUnmatched":0,"filesUpdated":0,"matched":0,"total":0,"unchecked":0,"uncheckedKeysByFile":[],"unmatched":0,"updated":0},"startTime":1718890093570,"success":true,"testResults":[{"assertionResults":[{"ancestorTitles":["API Endpoints"],"duration":72,"failureDetails":[],"failureMessages":[],"fullName":"API Endpoints should return success if sum is greater than threshold (case 1)","invocations":1,"location":null,"numPassingAsserts":3,"retryReasons":[],"status":"passed","title":"should return success if sum is greater than threshold (case 1)"},{"ancestorTitles":["API Endpoints"],"duration":6,"failureDetails":[],"failureMessages":[],"fullName":"API Endpoints should return success if sum is greater than threshold (case 2)","invocations":1,"location":null,"numPassingAsserts":3,"retryReasons":[],"status":"passed","title":"should return success if sum is greater than threshold (case 2)"},{"ancestorTitles":["API Endpoints"],"duration":7,"failureDetails":[],"failureMessages":[],"fullName":"API Endpoints should return success if sum is greater than threshold (case 3)","invocations":1,"location":null,"numPassingAsserts":3,"retryReasons":[],"status":"passed","title":"should return success if sum is greater than threshold (case 3)"},{"ancestorTitles":["API Endpoints"],"duration":5,"failureDetails":[],"failureMessages":[],"fullName":"API Endpoints should return success if sum is greater than threshold (case 4)","invocations":1,"location":null,"numPassingAsserts":3,"retryReasons":[],"status":"passed","title":"should return success if sum is greater than threshold (case 4)"},{"ancestorTitles":["API Endpoints"],"duration":6,"failureDetails":[],"failureMessages":[],"fullName":"API Endpoints should return success if sum is greater than threshold (case 5)","invocations":1,"location":null,"numPassingAsserts":3,"retryReasons":[],"status":"passed","title":"should return success if sum is greater than threshold (case 5)"},{"ancestorTitles":["API Endpoints"],"duration":6,"failureDetails":[],"failureMessages":[],"fullName":"API Endpoints should return failure for non-numeric strings in numbers array","invocations":1,"location":null,"numPassingAsserts":2,"retryReasons":[],"status":"passed","title":"should return failure for non-numeric strings in numbers array"}],"endTime":1718890094487,"message":"","name":"C:\\Users\\rohak\\Documents\\GitHub\\nodejs_show\\__tests__\\api.test.js","startTime":1718890093624,"status":"passed","summary":""}],"wasInterrupted":false}
